Command: /home/cesar.otamendi.v/Isolated/Academy2026/project/uvm_tb/alu_verification/sim/./simv +UVM_TESTNAME=alu_regression_test +UVM_VERBOSITY=UVM_MEDIUM +ntb_random_seed=1 -cm line+cond+fsm+tgl+branch+assert -cm_name alu_regression_test -cm_dir simv.vdb -l sim_alu_regression_test.log
Chronologic VCS simulator copyright 1991-2023
Contains Synopsys proprietary information.
Compiler version V-2023.12-SP2-8_Full64; Runtime version V-2023.12-SP2-8_Full64;  Jul 16 12:50 2026
UVM_INFO /home/synopsys/syn/V-2023.12/vcs/V-2023.12-SP2-8//etc/uvm-1.2/base/uvm_root.svh(402) @ 0: reporter [UVM/RELNOTES] 
----------------------------------------------------------------
UVM-1.2.Synopsys
(C) 2007-2014 Mentor Graphics Corporation
(C) 2007-2014 Cadence Design Systems, Inc.
(C) 2006-2014 Synopsys, Inc.
(C) 2011-2013 Cypress Semiconductor Corp.
(C) 2013-2014 NVIDIA Corporation
----------------------------------------------------------------

  ***********       IMPORTANT RELEASE NOTES         ************

  You are using a version of the UVM library that has been compiled
  with `UVM_NO_DEPRECATED undefined.
  See http://www.eda.org/svdb/view.php?id=3313 for more details.

  You are using a version of the UVM library that has been compiled
  with `UVM_OBJECT_DO_NOT_NEED_CONSTRUCTOR undefined.
  See http://www.eda.org/svdb/view.php?id=3770 for more details.

      (Specify +UVM_NO_RELNOTES to turn off this notice)

UVM_INFO @ 0: reporter [RNTST] Running test alu_regression_test...
*Verdi* Loading libsscore_vcs202312.so
FSDB Dumper for VCS, Release Verdi_V-2023.12-SP2-8, Linux x86_64/64bit, 06/05/2025
(C) 1996 - 2025 by Synopsys, Inc.
*Verdi* FSDB WARNING: The FSDB file already exists. Overwriting the FSDB file may crash the programs that are using this file.
*Verdi* : Create FSDB file 'waves.fsdb'
*Verdi* : Begin traversing the scope (testbench), layer (0).
*Verdi* : End of traversing.
UVM_INFO /home/synopsys/syn/V-2023.12/vcs/V-2023.12-SP2-8//etc/uvm-1.2/base/uvm_objection.svh(1276) @ 23615000: reporter [TEST_DONE] 'run' phase is ready to proceed to the 'extract' phase
UVM_INFO ../tb/alu_coverage.sv(130) @ 23615000: uvm_test_top.env.cov [COV] Coverage funcional: cg_alu=100.00% | cg_edge_cases=100.00%
UVM_INFO ../tb/alu_scoreboard.sv(106) @ 23615000: uvm_test_top.env.scb [SCB] Transacciones verificadas: 2361 | Errores: 0
UVM_INFO /home/synopsys/syn/V-2023.12/vcs/V-2023.12-SP2-8//etc/uvm-1.2/base/uvm_report_catcher.svh(705) @ 23615000: reporter [UVM/REPORT/CATCHER] 
--- UVM Report catcher Summary ---


Number of demoted UVM_FATAL reports  :    0
Number of demoted UVM_ERROR reports  :    0
Number of demoted UVM_WARNING reports:    0
Number of caught UVM_FATAL reports   :    0
Number of caught UVM_ERROR reports   :    0
Number of caught UVM_WARNING reports :    0

UVM_INFO /home/synopsys/syn/V-2023.12/vcs/V-2023.12-SP2-8//etc/uvm-1.2/base/uvm_report_server.svh(904) @ 23615000: reporter [UVM/REPORT/SERVER] 
--- UVM Report Summary ---

** Report counts by severity
UVM_INFO :    6
UVM_WARNING :    0
UVM_ERROR :    0
UVM_FATAL :    0
** Report counts by id
[COV]     1
[RNTST]     1
[SCB]     1
[TEST_DONE]     1
[UVM/RELNOTES]     1
[UVM/REPORT/CATCHER]     1

$finish called from file "/home/synopsys/syn/V-2023.12/vcs/V-2023.12-SP2-8//etc/uvm-1.2/base/uvm_root.svh", line 527.
$finish at simulation time             23615000

---------------------------------------------------------------------------
VCS Coverage Metrics: during simulation line, cond, FSM, branch, tgl was monitored
---------------------------------------------------------------------------
           V C S   S i m u l a t i o n   R e p o r t 
Time: 23615000 ps
CPU Time:      0.640 seconds;       Data structure size:   0.6Mb
Thu Jul 16 12:50:58 2026
